http://www.hbrumenterprises.ca/log/doc/td%20fud/234c59b12081201f68dea1f6044a68ba/confirm.html - Dropped (duplicate) at 2025-06-28 14:54:11
http://www.hbrumenterprises.ca/log/doc/td%20fud/234c59b12081201f68dea1f6044a68ba/confirm.html - Dropped (duplicate) at 2025-06-28 14:54:11
https://www.elpaisvallenato.com/wp-includes/text/diff/engine/image/ap/error.php - Dropped (duplicate) at 2025-06-28 14:54:11
https://www.elpaisvallenato.com/wp-includes/text/diff/engine/image/ap/error.php - Dropped (duplicate) at 2025-06-28 14:54:11
http://www.pasajedebus.cl/information/step2.php - Dropped (duplicate) at 2025-06-28 14:54:11
http://www.hbrumenterprises.ca/log/doc/td%20fud/234c59b12081201f68dea1f6044a68ba/confirm.html - Dropped (duplicate) at 2025-06-28 18:45:40
http://www.hbrumenterprises.ca/log/doc/td%20fud/234c59b12081201f68dea1f6044a68ba/confirm.html - Dropped (duplicate) at 2025-06-28 18:45:40
https://www.elpaisvallenato.com/wp-includes/text/diff/engine/image/ap/error.php - Dropped (duplicate) at 2025-06-28 18:45:40
https://www.elpaisvallenato.com/wp-includes/text/diff/engine/image/ap/error.php - Dropped (duplicate) at 2025-06-28 18:45:40
http://www.pasajedebus.cl/information/step2.php - Dropped (duplicate) at 2025-06-28 18:45:40
http://www.hbrumenterprises.ca/log/doc/td%20fud/234c59b12081201f68dea1f6044a68ba/confirm.html - Dropped (duplicate) at 2025-06-29 14:02:19
http://www.hbrumenterprises.ca/log/doc/td%20fud/234c59b12081201f68dea1f6044a68ba/confirm.html - Dropped (duplicate) at 2025-06-29 14:02:19
https://www.elpaisvallenato.com/wp-includes/text/diff/engine/image/ap/error.php - Dropped (duplicate) at 2025-06-29 14:02:19
https://www.elpaisvallenato.com/wp-includes/text/diff/engine/image/ap/error.php - Dropped (duplicate) at 2025-06-29 14:02:19
http://www.pasajedebus.cl/information/step2.php - Dropped (duplicate) at 2025-06-29 14:02:19
http://www.hbrumenterprises.ca/log/doc/td%20fud/234c59b12081201f68dea1f6044a68ba/confirm.html - Dropped (duplicate) at 2025-06-29 14:09:33
http://www.hbrumenterprises.ca/log/doc/td%20fud/234c59b12081201f68dea1f6044a68ba/confirm.html - Dropped (duplicate) at 2025-06-29 14:09:33
https://www.elpaisvallenato.com/wp-includes/text/diff/engine/image/ap/error.php - Dropped (duplicate) at 2025-06-29 14:09:33
https://www.elpaisvallenato.com/wp-includes/text/diff/engine/image/ap/error.php - Dropped (duplicate) at 2025-06-29 14:09:33
http://www.pasajedebus.cl/information/step2.php - Dropped (duplicate) at 2025-06-29 14:09:33
http://www.hbrumenterprises.ca/log/doc/td%20fud/234c59b12081201f68dea1f6044a68ba/confirm.html - Dropped (duplicate) at 2025-06-29 14:10:38
http://www.hbrumenterprises.ca/log/doc/td%20fud/234c59b12081201f68dea1f6044a68ba/confirm.html - Dropped (duplicate) at 2025-06-29 14:10:38
https://www.elpaisvallenato.com/wp-includes/text/diff/engine/image/ap/error.php - Dropped (duplicate) at 2025-06-29 14:10:38
https://www.elpaisvallenato.com/wp-includes/text/diff/engine/image/ap/error.php - Dropped (duplicate) at 2025-06-29 14:10:38
http://www.pasajedebus.cl/information/step2.php - Dropped (duplicate) at 2025-06-29 14:10:38
http://www.hbrumenterprises.ca/log/doc/td%20fud/234c59b12081201f68dea1f6044a68ba/confirm.html - Dropped (duplicate) at 2025-06-29 14:12:37
http://www.hbrumenterprises.ca/log/doc/td%20fud/234c59b12081201f68dea1f6044a68ba/confirm.html - Dropped (duplicate) at 2025-06-29 14:12:37
https://www.elpaisvallenato.com/wp-includes/text/diff/engine/image/ap/error.php - Dropped (duplicate) at 2025-06-29 14:12:37
https://www.elpaisvallenato.com/wp-includes/text/diff/engine/image/ap/error.php - Dropped (duplicate) at 2025-06-29 14:12:37
http://www.pasajedebus.cl/information/step2.php - Dropped (duplicate) at 2025-06-29 14:12:37
http://www.hbrumenterprises.ca/log/doc/td%20fud/234c59b12081201f68dea1f6044a68ba/confirm.html - Dropped (duplicate) at 2025-06-29 14:24:07
http://www.hbrumenterprises.ca/log/doc/td%20fud/234c59b12081201f68dea1f6044a68ba/confirm.html - Dropped (duplicate) at 2025-06-29 14:24:07
https://www.elpaisvallenato.com/wp-includes/text/diff/engine/image/ap/error.php - Dropped (duplicate) at 2025-06-29 14:24:07
https://www.elpaisvallenato.com/wp-includes/text/diff/engine/image/ap/error.php - Dropped (duplicate) at 2025-06-29 14:24:07
http://www.pasajedebus.cl/information/step2.php - Dropped (duplicate) at 2025-06-29 14:24:07
http://www.hbrumenterprises.ca/log/doc/td%20fud/234c59b12081201f68dea1f6044a68ba/confirm.html - Dropped (duplicate) at 2025-06-29 14:26:07
http://www.hbrumenterprises.ca/log/doc/td%20fud/234c59b12081201f68dea1f6044a68ba/confirm.html - Dropped (duplicate) at 2025-06-29 14:26:07
https://www.elpaisvallenato.com/wp-includes/text/diff/engine/image/ap/error.php - Dropped (duplicate) at 2025-06-29 14:26:07
https://www.elpaisvallenato.com/wp-includes/text/diff/engine/image/ap/error.php - Dropped (duplicate) at 2025-06-29 14:26:07
http://www.pasajedebus.cl/information/step2.php - Dropped (duplicate) at 2025-06-29 14:26:07
http://www.hbrumenterprises.ca/log/doc/td%20fud/234c59b12081201f68dea1f6044a68ba/confirm.html - Dropped (duplicate) at 2025-06-29 14:36:13
http://www.hbrumenterprises.ca/log/doc/td%20fud/234c59b12081201f68dea1f6044a68ba/confirm.html - Dropped (duplicate) at 2025-06-29 14:36:13
https://www.elpaisvallenato.com/wp-includes/text/diff/engine/image/ap/error.php - Dropped (duplicate) at 2025-06-29 14:36:13
https://www.elpaisvallenato.com/wp-includes/text/diff/engine/image/ap/error.php - Dropped (duplicate) at 2025-06-29 14:36:13
http://www.pasajedebus.cl/information/step2.php - Dropped (duplicate) at 2025-06-29 14:36:13
http://www.hbrumenterprises.ca/log/doc/td%20fud/234c59b12081201f68dea1f6044a68ba/confirm.html - Dropped (duplicate) at 2025-06-29 14:37:23
http://www.hbrumenterprises.ca/log/doc/td%20fud/234c59b12081201f68dea1f6044a68ba/confirm.html - Dropped (duplicate) at 2025-06-29 14:37:23
https://www.elpaisvallenato.com/wp-includes/text/diff/engine/image/ap/error.php - Dropped (duplicate) at 2025-06-29 14:37:23
https://www.elpaisvallenato.com/wp-includes/text/diff/engine/image/ap/error.php - Dropped (duplicate) at 2025-06-29 14:37:23
http://www.pasajedebus.cl/information/step2.php - Dropped (duplicate) at 2025-06-29 14:37:23
http://www.hbrumenterprises.ca/log/doc/td%20fud/234c59b12081201f68dea1f6044a68ba/confirm.html - Dropped (duplicate) at 2025-06-29 14:49:09
http://www.hbrumenterprises.ca/log/doc/td%20fud/234c59b12081201f68dea1f6044a68ba/confirm.html - Dropped (duplicate) at 2025-06-29 14:49:09
https://www.elpaisvallenato.com/wp-includes/text/diff/engine/image/ap/error.php - Dropped (duplicate) at 2025-06-29 14:49:09
https://www.elpaisvallenato.com/wp-includes/text/diff/engine/image/ap/error.php - Dropped (duplicate) at 2025-06-29 14:49:09
http://www.pasajedebus.cl/information/step2.php - Dropped (duplicate) at 2025-06-29 14:49:09
http://www.hbrumenterprises.ca/log/doc/td%20fud/234c59b12081201f68dea1f6044a68ba/confirm.html - Dropped (duplicate) at 2025-06-29 14:58:51
http://www.hbrumenterprises.ca/log/doc/td%20fud/234c59b12081201f68dea1f6044a68ba/confirm.html - Dropped (duplicate) at 2025-06-29 14:58:51
https://www.elpaisvallenato.com/wp-includes/text/diff/engine/image/ap/error.php - Dropped (duplicate) at 2025-06-29 14:58:51
https://www.elpaisvallenato.com/wp-includes/text/diff/engine/image/ap/error.php - Dropped (duplicate) at 2025-06-29 14:58:51
http://www.pasajedebus.cl/information/step2.php - Dropped (duplicate) at 2025-06-29 14:58:51
https://mc2i-technologie.fr/xmlrpc/inde.php??tevreau - Dropped (duplicate) at 2025-06-29 15:21:08
https://mundovirtualhabbo.blogspot.com/2009_01_01_archive.html - Dropped (duplicate) at 2025-06-29 15:21:08
https://creditgratosse.blogspot.com/2008/01/connnectoi_03.html - Dropped (duplicate) at 2025-06-29 15:21:08
https://us.raystream.com/dio/paypal.de/pp/.9d4f47e6389393e534a5e8a8f2/cgi-bin/webscrcmd=_login-run&amp;dispatch=5885d80a13c0db1f8e263663d3faee8dc60d77e6184470d51976060a4ab6ee74.php - Dropped (duplicate) at 2025-06-29 15:21:08
https://pastehtml.com/view/b46s81spf.html - Dropped (duplicate) at 2025-06-29 15:21:08
https://mc2i-technologie.fr/xmlrpc/inde.php??tevreau - Dropped (duplicate) at 2025-06-29 15:50:40
https://mundovirtualhabbo.blogspot.com/2009_01_01_archive.html - Dropped (duplicate) at 2025-06-29 15:50:40
https://creditgratosse.blogspot.com/2008/01/connnectoi_03.html - Dropped (duplicate) at 2025-06-29 15:50:40
https://us.raystream.com/dio/paypal.de/pp/.9d4f47e6389393e534a5e8a8f2/cgi-bin/webscrcmd=_login-run&amp;dispatch=5885d80a13c0db1f8e263663d3faee8dc60d77e6184470d51976060a4ab6ee74.php - Dropped (duplicate) at 2025-06-29 15:50:40
https://pastehtml.com/view/b46s81spf.html - Dropped (duplicate) at 2025-06-29 15:50:40
