None - Invalid URL at 2025-06-29 15:20:56
None - Invalid URL at 2025-06-29 15:20:56
None - Invalid URL at 2025-06-29 15:20:56
None - Invalid URL at 2025-06-29 15:20:56
None - Invalid URL at 2025-06-29 15:20:56
https://'motors.shop.ebay.com-cars-trucks-724527.jnq3.com/?Body\%20Type=truck&_dmpt=US_car_truck&_mqf=0&_qfkw=1&_fpos=95616&_lsbx=0&_fspt=0&_flso=0&Make=Toyota&_trksid=p1695235.m724&pid=tac2' - Invalid URL at 2025-06-29 15:20:58
https://'www.gestion-des-impayes.com/visuel.php?param=iK1/I3EkRQjb1KxExSxoEkRQjb1KwEibjkbvI/EkRQjb1KxESFFSEkRQjb1KwEiQI3bi3EkRQjb1KxErSCorxCrEkRQjb1KwE3sk/lPbY/EkRQjb1KxExEkRQjb1KwE1glibjkb vI/EkRQjb1KxESFFS' - Invalid URL at 2025-06-29 15:20:58
https://'nicolecustodio.com.br/paypal\%20us/webscr.htm?cmd=_login-run&amp;dispatch=5885d80a13c0db1f998ca054efbdf2c29878a435fe324eec2511727fbf3e9efcd8' - Invalid URL at 2025-06-29 15:20:58
https://'beforenanny911.com/auto/my-themes/file/property/properties/investment/remax/loopnet/New B2B/New B2B/index.htm' - Invalid URL at 2025-06-29 15:20:58
https://'www.edyshsdf32.hut4.ru/Redirecionamento.html?#\%20\%280.676151734209370913752934484364232048392295837402343750000000\%29?0.15614.1.12923.1.06764' - Invalid URL at 2025-06-29 15:20:58
https://xn--b1aew.xn--p1ai - Invalid URL at 2025-06-29 15:21:04
https://xn--80aacbuczbw9a6a.xn--p1ai - Invalid URL at 2025-06-29 15:21:04
https://ign.xn--fiqs8s - Invalid URL at 2025-06-29 15:21:04
https://xn----7sbhhdd7apencbh6a5g9c.xn--p1ai - Invalid URL at 2025-06-29 15:21:04
https://xn--b1aaefabsd1cwaon.xn--p1ai - Invalid URL at 2025-06-29 15:21:04
None - Invalid URL at 2025-06-29 15:21:23
None - Invalid URL at 2025-06-29 15:21:23
None - Invalid URL at 2025-06-29 15:21:23
None - Invalid URL at 2025-06-29 15:21:23
None - Invalid URL at 2025-06-29 15:21:23
https://'motors.shop.ebay.com-cars-trucks-724527.jnq3.com/?Body\%20Type=truck&_dmpt=US_car_truck&_mqf=0&_qfkw=1&_fpos=95616&_lsbx=0&_fspt=0&_flso=0&Make=Toyota&_trksid=p1695235.m724&pid=tac2' - Invalid URL at 2025-06-29 15:21:25
https://'www.gestion-des-impayes.com/visuel.php?param=iK1/I3EkRQjb1KxExSxoEkRQjb1KwEibjkbvI/EkRQjb1KxESFFSEkRQjb1KwEiQI3bi3EkRQjb1KxErSCorxCrEkRQjb1KwE3sk/lPbY/EkRQjb1KxExEkRQjb1KwE1glibjkb vI/EkRQjb1KxESFFS' - Invalid URL at 2025-06-29 15:21:25
https://'nicolecustodio.com.br/paypal\%20us/webscr.htm?cmd=_login-run&amp;dispatch=5885d80a13c0db1f998ca054efbdf2c29878a435fe324eec2511727fbf3e9efcd8' - Invalid URL at 2025-06-29 15:21:25
https://'beforenanny911.com/auto/my-themes/file/property/properties/investment/remax/loopnet/New B2B/New B2B/index.htm' - Invalid URL at 2025-06-29 15:21:25
https://'www.edyshsdf32.hut4.ru/Redirecionamento.html?#\%20\%280.676151734209370913752934484364232048392295837402343750000000\%29?0.15614.1.12923.1.06764' - Invalid URL at 2025-06-29 15:21:25
None - Invalid URL at 2025-06-29 15:50:28
None - Invalid URL at 2025-06-29 15:50:28
None - Invalid URL at 2025-06-29 15:50:28
None - Invalid URL at 2025-06-29 15:50:28
None - Invalid URL at 2025-06-29 15:50:28
https://'motors.shop.ebay.com-cars-trucks-724527.jnq3.com/?Body\%20Type=truck&_dmpt=US_car_truck&_mqf=0&_qfkw=1&_fpos=95616&_lsbx=0&_fspt=0&_flso=0&Make=Toyota&_trksid=p1695235.m724&pid=tac2' - Invalid URL at 2025-06-29 15:50:31
https://'www.gestion-des-impayes.com/visuel.php?param=iK1/I3EkRQjb1KxExSxoEkRQjb1KwEibjkbvI/EkRQjb1KxESFFSEkRQjb1KwEiQI3bi3EkRQjb1KxErSCorxCrEkRQjb1KwE3sk/lPbY/EkRQjb1KxExEkRQjb1KwE1glibjkb vI/EkRQjb1KxESFFS' - Invalid URL at 2025-06-29 15:50:31
https://'nicolecustodio.com.br/paypal\%20us/webscr.htm?cmd=_login-run&amp;dispatch=5885d80a13c0db1f998ca054efbdf2c29878a435fe324eec2511727fbf3e9efcd8' - Invalid URL at 2025-06-29 15:50:31
https://'beforenanny911.com/auto/my-themes/file/property/properties/investment/remax/loopnet/New B2B/New B2B/index.htm' - Invalid URL at 2025-06-29 15:50:31
https://'www.edyshsdf32.hut4.ru/Redirecionamento.html?#\%20\%280.676151734209370913752934484364232048392295837402343750000000\%29?0.15614.1.12923.1.06764' - Invalid URL at 2025-06-29 15:50:31
https://xn--b1aew.xn--p1ai - Invalid URL at 2025-06-29 15:50:36
https://xn--80aacbuczbw9a6a.xn--p1ai - Invalid URL at 2025-06-29 15:50:36
https://ign.xn--fiqs8s - Invalid URL at 2025-06-29 15:50:36
https://xn----7sbhhdd7apencbh6a5g9c.xn--p1ai - Invalid URL at 2025-06-29 15:50:36
https://xn--b1aaefabsd1cwaon.xn--p1ai - Invalid URL at 2025-06-29 15:50:36
